2014-12-18 19:06:08.412 lichess[22091:269087] DiskCookieStorage changing policy from 2 to 0, cookie file: file:///Users/renaudbressand/Library/Developer/CoreSimulator/Devices/A77602A6-8A74-4E16-936F-8E422200426C/data/Containers/Data/Application/96080DB5-3889-47EB-AFE5-6F53F7641674/Library/Cookies/Cookies.binarycookies
2014-12-18 19:06:08.495 lichess[22091:269087] Apache Cordova native platform version 3.6.3 is starting.
2014-12-18 19:06:08.496 lichess[22091:269087] Multi-tasking -> Device: YES, App: YES
2014-12-18 19:06:08.510 lichess[22091:269087] Unlimited access to network resources
2014-12-18 19:06:08.513 lichess[22091:269087] 

Started backup to iCloud! Please be careful.
Your application might be rejected by Apple if you store too much data.
For more information please read "iOS Data Storage Guidelines" at:
https://developer.apple.com/icloud/documentation/data-storage/

2014-12-18 19:06:08.893 lichess[22091:269087] [CDVTimer][localnotification] 0.471950ms
2014-12-18 19:06:08.894 lichess[22091:269087] [CDVTimer][localnotification] 0.007033ms
2014-12-18 19:06:08.899 lichess[22091:269087] [CDVTimer][file] 5.599022ms
2014-12-18 19:06:09.004 lichess[22091:269087] [CDVTimer][splashscreen] 104.963958ms
2014-12-18 19:06:09.010 lichess[22091:269087] [CDVTimer][statusbar] 5.223989ms
2014-12-18 19:06:09.010 lichess[22091:269087] [CDVTimer][TotalPluginStartup] 116.945982ms
2014-12-18 19:06:09.632 lichess[22091:269087] Resetting plugins due to page load.
2014-12-18 19:06:10.552 lichess[22091:269087] Finished load of: file:///Users/renaudbressand/Library/Developer/CoreSimulator/Devices/A77602A6-8A74-4E16-936F-8E422200426C/data/Containers/Bundle/Application/C618D456-F6CC-4401-A922-5F659BA67595/lichess.app/www/index.html?/play
2014-12-18 19:07:04.783 lichess[22091:269087] Resetting plugins due to page load.
2014-12-18 19:07:05.219 lichess[22091:269087] Finished load of: file:///Users/renaudbressand/Library/Developer/CoreSimulator/Devices/A77602A6-8A74-4E16-936F-8E422200426C/data/Containers/Bundle/Application/C618D456-F6CC-4401-A922-5F659BA67595/lichess.app/www/index.html?/play
2014-12-18 19:07:18.720 lichess[22091:269087] Resetting plugins due to page load.
2014-12-18 19:07:19.231 lichess[22091:269087] Finished load of: file:///Users/renaudbressand/Library/Developer/CoreSimulator/Devices/A77602A6-8A74-4E16-936F-8E422200426C/data/Containers/Bundle/Application/C618D456-F6CC-4401-A922-5F659BA67595/lichess.app/www/index.html?/play
2014-12-18 19:07:37.905 lichess[22471:270825] DiskCookieStorage changing policy from 2 to 0, cookie file: file:///Users/renaudbressand/Library/Developer/CoreSimulator/Devices/A77602A6-8A74-4E16-936F-8E422200426C/data/Containers/Data/Application/93B62A79-02D6-478C-987A-F4F085095191/Library/Cookies/Cookies.binarycookies
2014-12-18 19:07:37.982 lichess[22471:270825] Apache Cordova native platform version 3.6.3 is starting.
2014-12-18 19:07:37.983 lichess[22471:270825] Multi-tasking -> Device: YES, App: YES
2014-12-18 19:07:37.987 lichess[22471:270825] Unlimited access to network resources
2014-12-18 19:07:37.990 lichess[22471:270825] 

Started backup to iCloud! Please be careful.
Your application might be rejected by Apple if you store too much data.
For more information please read "iOS Data Storage Guidelines" at:
https://developer.apple.com/icloud/documentation/data-storage/

2014-12-18 19:07:38.171 lichess[22471:270825] [CDVTimer][localnotification] 0.047028ms
2014-12-18 19:07:38.171 lichess[22471:270825] [CDVTimer][localnotification] 0.005007ms
2014-12-18 19:07:38.183 lichess[22471:270825] [CDVTimer][file] 11.813998ms
2014-12-18 19:07:38.241 lichess[22471:270825] [CDVTimer][splashscreen] 58.295012ms
2014-12-18 19:07:38.246 lichess[22471:270825] [CDVTimer][statusbar] 4.327953ms
2014-12-18 19:07:38.246 lichess[22471:270825] [CDVTimer][TotalPluginStartup] 75.213015ms
2014-12-18 19:07:38.352 lichess[22471:270825] Resetting plugins due to page load.
2014-12-18 19:07:38.538 lichess[22471:270825] Finished load of: file:///Users/renaudbressand/Library/Developer/CoreSimulator/Devices/A77602A6-8A74-4E16-936F-8E422200426C/data/Containers/Bundle/Application/DA873B17-3F67-4288-8C73-1F4AE72327FC/lichess.app/www/index.html?/play
2014-12-18 19:11:45.102 lichess[22924:273788] DiskCookieStorage changing policy from 2 to 0, cookie file: file:///Users/renaudbressand/Library/Developer/CoreSimulator/Devices/A77602A6-8A74-4E16-936F-8E422200426C/data/Containers/Data/Application/6330C091-1CB3-49FF-95FD-03A1C20653DB/Library/Cookies/Cookies.binarycookies
2014-12-18 19:11:45.180 lichess[22924:273788] Apache Cordova native platform version 3.6.3 is starting.
2014-12-18 19:11:45.181 lichess[22924:273788] Multi-tasking -> Device: YES, App: YES
2014-12-18 19:11:45.186 lichess[22924:273788] Unlimited access to network resources
2014-12-18 19:11:45.188 lichess[22924:273788] 

Started backup to iCloud! Please be careful.
Your application might be rejected by Apple if you store too much data.
For more information please read "iOS Data Storage Guidelines" at:
https://developer.apple.com/icloud/documentation/data-storage/

2014-12-18 19:11:45.369 lichess[22924:273788] [CDVTimer][localnotification] 0.048041ms
2014-12-18 19:11:45.369 lichess[22924:273788] [CDVTimer][localnotification] 0.005007ms
2014-12-18 19:11:45.386 lichess[22924:273788] [CDVTimer][file] 16.809046ms
2014-12-18 19:11:45.442 lichess[22924:273788] [CDVTimer][splashscreen] 55.230975ms
2014-12-18 19:11:45.448 lichess[22924:273788] [CDVTimer][statusbar] 6.110013ms
2014-12-18 19:11:45.448 lichess[22924:273788] [CDVTimer][TotalPluginStartup] 79.128981ms
2014-12-18 19:11:45.545 lichess[22924:273788] Resetting plugins due to page load.
2014-12-18 19:11:45.707 lichess[22924:273788] Finished load of: file:///Users/renaudbressand/Library/Developer/CoreSimulator/Devices/A77602A6-8A74-4E16-936F-8E422200426C/data/Containers/Bundle/Application/9BA024FB-535C-4377-8E45-B8655313A6A5/lichess.app/www/index.html?/play
